<?xml version="1.0" encoding="UTF-8"?>
<testsuite xmlns:xsi="http://www.w3.org/2001/XMLSchema-instance" xsi:noNamespaceSchemaLocation="https://maven.apache.org/surefire/maven-surefire-plugin/xsd/surefire-test-report.xsd" name="uk.uoa.cs.princSwEng.test.JWebUnitTest" time="4.627" tests="2" errors="0" skipped="0" failures="0">
  <properties>
    <property name="sun.desktop" value="windows"/>
    <property name="awt.toolkit" value="sun.awt.windows.WToolkit"/>
    <property name="file.encoding.pkg" value="sun.io"/>
    <property name="java.specification.version" value="1.8"/>
    <property name="sun.cpu.isalist" value="amd64"/>
    <property name="sun.jnu.encoding" value="Cp1252"/>
    <property name="java.class.path" value="C:\Users\AsusLaptop\Desktop\MetaTranslator\target\test-classes;C:\Users\AsusLaptop\Desktop\MetaTranslator\target\classes;C:\Users\AsusLaptop\.m2\repository\com\sendgrid\sendgrid-java\4.3.0\sendgrid-java-4.3.0.jar;C:\Users\AsusLaptop\.m2\repository\com\sendgrid\java-http-client\4.1.0\java-http-client-4.1.0.jar;C:\Users\AsusLaptop\.m2\repository\org\apache\httpcomponents\httpcore\4.4.4\httpcore-4.4.4.jar;C:\Users\AsusLaptop\.m2\repository\org\mockito\mockito-core\1.10.19\mockito-core-1.10.19.jar;C:\Users\AsusLaptop\.m2\repository\org\objenesis\objenesis\2.1\objenesis-2.1.jar;C:\Users\AsusLaptop\.m2\repository\org\apache\httpcomponents\httpclient\4.5.2\httpclient-4.5.2.jar;C:\Users\AsusLaptop\.m2\repository\commons-logging\commons-logging\1.2\commons-logging-1.2.jar;C:\Users\AsusLaptop\.m2\repository\com\fasterxml\jackson\core\jackson-databind\2.9.5\jackson-databind-2.9.5.jar;C:\Users\AsusLaptop\.m2\repository\com\fasterxml\jackson\core\jackson-annotations\2.9.5\jackson-annotations-2.9.5.jar;C:\Users\AsusLaptop\.m2\repository\com\fasterxml\jackson\core\jackson-core\2.9.5\jackson-core-2.9.5.jar;C:\Users\AsusLaptop\.m2\repository\javax\servlet\javax.servlet-api\4.0.0\javax.servlet-api-4.0.0.jar;C:\Users\AsusLaptop\.m2\repository\org\apache\taglibs\taglibs-standard-spec\1.2.5\taglibs-standard-spec-1.2.5.jar;C:\Users\AsusLaptop\.m2\repository\org\apache\taglibs\taglibs-standard-impl\1.2.5\taglibs-standard-impl-1.2.5.jar;C:\Users\AsusLaptop\.m2\repository\org\apache\taglibs\taglibs-standard-jstlel\1.2.5\taglibs-standard-jstlel-1.2.5.jar;C:\Users\AsusLaptop\.m2\repository\org\postgresql\postgresql\42.2.2\postgresql-42.2.2.jar;C:\Users\AsusLaptop\.m2\repository\org\apache\tomcat\tomcat-jdbc\9.0.7\tomcat-jdbc-9.0.7.jar;C:\Users\AsusLaptop\.m2\repository\org\apache\tomcat\tomcat-juli\9.0.7\tomcat-juli-9.0.7.jar;C:\Users\AsusLaptop\.m2\repository\com\google\apis\google-api-services-translate\v2-rev51-1.25.0\google-api-services-translate-v2-rev51-1.25.0.jar;C:\Users\AsusLaptop\.m2\repository\com\google\api-client\google-api-client\1.25.0\google-api-client-1.25.0.jar;C:\Users\AsusLaptop\.m2\repository\com\google\oauth-client\google-oauth-client\1.25.0\google-oauth-client-1.25.0.jar;C:\Users\AsusLaptop\.m2\repository\com\google\http-client\google-http-client-jackson2\1.25.0\google-http-client-jackson2-1.25.0.jar;C:\Users\AsusLaptop\.m2\repository\com\google\guava\guava\20.0\guava-20.0.jar;C:\Users\AsusLaptop\.m2\repository\com\google\cloud\google-cloud-translate\1.63.0\google-cloud-translate-1.63.0.jar;C:\Users\AsusLaptop\.m2\repository\com\google\cloud\google-cloud-core\1.63.0\google-cloud-core-1.63.0.jar;C:\Users\AsusLaptop\.m2\repository\com\google\http-client\google-http-client\1.28.0\google-http-client-1.28.0.jar;C:\Users\AsusLaptop\.m2\repository\com\google\j2objc\j2objc-annotations\1.1\j2objc-annotations-1.1.jar;C:\Users\AsusLaptop\.m2\repository\com\google\code\findbugs\jsr305\3.0.2\jsr305-3.0.2.jar;C:\Users\AsusLaptop\.m2\repository\com\google\api\api-common\1.7.0\api-common-1.7.0.jar;C:\Users\AsusLaptop\.m2\repository\com\google\api\gax\1.40.0\gax-1.40.0.jar;C:\Users\AsusLaptop\.m2\repository\org\threeten\threetenbp\1.3.3\threetenbp-1.3.3.jar;C:\Users\AsusLaptop\.m2\repository\com\google\protobuf\protobuf-java-util\3.6.1\protobuf-java-util-3.6.1.jar;C:\Users\AsusLaptop\.m2\repository\com\google\protobuf\protobuf-java\3.6.1\protobuf-java-3.6.1.jar;C:\Users\AsusLaptop\.m2\repository\com\google\code\gson\gson\2.7\gson-2.7.jar;C:\Users\AsusLaptop\.m2\repository\com\google\api\grpc\proto-google-common-protos\1.14.0\proto-google-common-protos-1.14.0.jar;C:\Users\AsusLaptop\.m2\repository\com\google\api\grpc\proto-google-iam-v1\0.12.0\proto-google-iam-v1-0.12.0.jar;C:\Users\AsusLaptop\.m2\repository\com\google\cloud\google-cloud-core-http\1.63.0\google-cloud-core-http-1.63.0.jar;C:\Users\AsusLaptop\.m2\repository\com\google\auth\google-auth-library-credentials\0.13.0\google-auth-library-credentials-0.13.0.jar;C:\Users\AsusLaptop\.m2\repository\com\google\auth\google-auth-library-oauth2-http\0.13.0\google-auth-library-oauth2-http-0.13.0.jar;C:\Users\AsusLaptop\.m2\repository\com\google\http-client\google-http-client-appengine\1.28.0\google-http-client-appengine-1.28.0.jar;C:\Users\AsusLaptop\.m2\repository\com\google\api\gax-httpjson\0.57.0\gax-httpjson-0.57.0.jar;C:\Users\AsusLaptop\.m2\repository\io\opencensus\opencensus-api\0.18.0\opencensus-api-0.18.0.jar;C:\Users\AsusLaptop\.m2\repository\io\grpc\grpc-context\1.14.0\grpc-context-1.14.0.jar;C:\Users\AsusLaptop\.m2\repository\io\opencensus\opencensus-contrib-http-util\0.18.0\opencensus-contrib-http-util-0.18.0.jar;C:\Users\AsusLaptop\.m2\repository\javax\annotation\javax.annotation-api\1.2\javax.annotation-api-1.2.jar;C:\Users\AsusLaptop\.m2\repository\junit\junit\4.12\junit-4.12.jar;C:\Users\AsusLaptop\.m2\repository\org\hamcrest\hamcrest-core\1.3\hamcrest-core-1.3.jar;C:\Users\AsusLaptop\.m2\repository\net\sourceforge\jwebunit\jwebunit-htmlunit-plugin\3.3\jwebunit-htmlunit-plugin-3.3.jar;C:\Users\AsusLaptop\.m2\repository\net\sourceforge\htmlunit\htmlunit\2.18\htmlunit-2.18.jar;C:\Users\AsusLaptop\.m2\repository\xalan\xalan\2.7.2\xalan-2.7.2.jar;C:\Users\AsusLaptop\.m2\repository\xalan\serializer\2.7.2\serializer-2.7.2.jar;C:\Users\AsusLaptop\.m2\repository\commons-collections\commons-collections\3.2.1\commons-collections-3.2.1.jar;C:\Users\AsusLaptop\.m2\repository\org\apache\commons\commons-lang3\3.4\commons-lang3-3.4.jar;C:\Users\AsusLaptop\.m2\repository\org\apache\httpcomponents\httpmime\4.5\httpmime-4.5.jar;C:\Users\AsusLaptop\.m2\repository\commons-codec\commons-codec\1.10\commons-codec-1.10.jar;C:\Users\AsusLaptop\.m2\repository\net\sourceforge\htmlunit\htmlunit-core-js\2.17\htmlunit-core-js-2.17.jar;C:\Users\AsusLaptop\.m2\repository\xerces\xercesImpl\2.11.0\xercesImpl-2.11.0.jar;C:\Users\AsusLaptop\.m2\repository\xml-apis\xml-apis\1.4.01\xml-apis-1.4.01.jar;C:\Users\AsusLaptop\.m2\repository\net\sourceforge\nekohtml\nekohtml\1.9.22\nekohtml-1.9.22.jar;C:\Users\AsusLaptop\.m2\repository\net\sourceforge\cssparser\cssparser\0.9.16\cssparser-0.9.16.jar;C:\Users\AsusLaptop\.m2\repository\org\w3c\css\sac\1.3\sac-1.3.jar;C:\Users\AsusLaptop\.m2\repository\commons-io\commons-io\2.4\commons-io-2.4.jar;C:\Users\AsusLaptop\.m2\repository\org\eclipse\jetty\websocket\websocket-client\9.2.12.v20150709\websocket-client-9.2.12.v20150709.jar;C:\Users\AsusLaptop\.m2\repository\org\eclipse\jetty\jetty-util\9.2.12.v20150709\jetty-util-9.2.12.v20150709.jar;C:\Users\AsusLaptop\.m2\repository\org\eclipse\jetty\jetty-io\9.2.12.v20150709\jetty-io-9.2.12.v20150709.jar;C:\Users\AsusLaptop\.m2\repository\org\eclipse\jetty\websocket\websocket-common\9.2.12.v20150709\websocket-common-9.2.12.v20150709.jar;C:\Users\AsusLaptop\.m2\repository\org\eclipse\jetty\websocket\websocket-api\9.2.12.v20150709\websocket-api-9.2.12.v20150709.jar;C:\Users\AsusLaptop\.m2\repository\net\sourceforge\jwebunit\jwebunit-core\3.3\jwebunit-core-3.3.jar;C:\Users\AsusLaptop\.m2\repository\regexp\regexp\1.3\regexp-1.3.jar;C:\Users\AsusLaptop\.m2\repository\commons-lang\commons-lang\2.6\commons-lang-2.6.jar;C:\Users\AsusLaptop\.m2\repository\org\slf4j\slf4j-api\1.6.6\slf4j-api-1.6.6.jar;C:\Users\AsusLaptop\.m2\repository\org\slf4j\jcl-over-slf4j\1.6.6\jcl-over-slf4j-1.6.6.jar;C:\Users\AsusLaptop\.m2\repository\javax\servlet\servlet-api\2.5\servlet-api-2.5.jar;C:\Users\AsusLaptop\.m2\repository\com\googlecode\json-simple\json-simple\1.1.1\json-simple-1.1.1.jar;C:\Users\AsusLaptop\.m2\repository\javax\servlet\jstl\1.2\jstl-1.2.jar;"/>
    <property name="java.vm.vendor" value="Oracle Corporation"/>
    <property name="sun.arch.data.model" value="64"/>
    <property name="user.variant" value=""/>
    <property name="java.vendor.url" value="http://java.oracle.com/"/>
    <property name="user.timezone" value="Europe/London"/>
    <property name="java.vm.specification.version" value="1.8"/>
    <property name="os.name" value="Windows 10"/>
    <property name="user.country" value="GB"/>
    <property name="sun.java.launcher" value="SUN_STANDARD"/>
    <property name="sun.boot.library.path" value="C:\Program Files\Java\jdk1.8.0_202\jre\bin"/>
    <property name="sun.java.command" value="C:\Users\ASUSLA~1\AppData\Local\Temp\surefire6073264019632913202\surefirebooter1046958598321630660.jar C:\Users\AsusLaptop\AppData\Local\Temp\surefire6073264019632913202 2019-04-03T14-31-03_855-jvmRun1 surefire2313979602404798396tmp surefire_01628797567447077354tmp"/>
    <property name="surefire.test.class.path" value="C:\Users\AsusLaptop\Desktop\MetaTranslator\target\test-classes;C:\Users\AsusLaptop\Desktop\MetaTranslator\target\classes;C:\Users\AsusLaptop\.m2\repository\com\sendgrid\sendgrid-java\4.3.0\sendgrid-java-4.3.0.jar;C:\Users\AsusLaptop\.m2\repository\com\sendgrid\java-http-client\4.1.0\java-http-client-4.1.0.jar;C:\Users\AsusLaptop\.m2\repository\org\apache\httpcomponents\httpcore\4.4.4\httpcore-4.4.4.jar;C:\Users\AsusLaptop\.m2\repository\org\mockito\mockito-core\1.10.19\mockito-core-1.10.19.jar;C:\Users\AsusLaptop\.m2\repository\org\objenesis\objenesis\2.1\objenesis-2.1.jar;C:\Users\AsusLaptop\.m2\repository\org\apache\httpcomponents\httpclient\4.5.2\httpclient-4.5.2.jar;C:\Users\AsusLaptop\.m2\repository\commons-logging\commons-logging\1.2\commons-logging-1.2.jar;C:\Users\AsusLaptop\.m2\repository\com\fasterxml\jackson\core\jackson-databind\2.9.5\jackson-databind-2.9.5.jar;C:\Users\AsusLaptop\.m2\repository\com\fasterxml\jackson\core\jackson-annotations\2.9.5\jackson-annotations-2.9.5.jar;C:\Users\AsusLaptop\.m2\repository\com\fasterxml\jackson\core\jackson-core\2.9.5\jackson-core-2.9.5.jar;C:\Users\AsusLaptop\.m2\repository\javax\servlet\javax.servlet-api\4.0.0\javax.servlet-api-4.0.0.jar;C:\Users\AsusLaptop\.m2\repository\org\apache\taglibs\taglibs-standard-spec\1.2.5\taglibs-standard-spec-1.2.5.jar;C:\Users\AsusLaptop\.m2\repository\org\apache\taglibs\taglibs-standard-impl\1.2.5\taglibs-standard-impl-1.2.5.jar;C:\Users\AsusLaptop\.m2\repository\org\apache\taglibs\taglibs-standard-jstlel\1.2.5\taglibs-standard-jstlel-1.2.5.jar;C:\Users\AsusLaptop\.m2\repository\org\postgresql\postgresql\42.2.2\postgresql-42.2.2.jar;C:\Users\AsusLaptop\.m2\repository\org\apache\tomcat\tomcat-jdbc\9.0.7\tomcat-jdbc-9.0.7.jar;C:\Users\AsusLaptop\.m2\repository\org\apache\tomcat\tomcat-juli\9.0.7\tomcat-juli-9.0.7.jar;C:\Users\AsusLaptop\.m2\repository\com\google\apis\google-api-services-translate\v2-rev51-1.25.0\google-api-services-translate-v2-rev51-1.25.0.jar;C:\Users\AsusLaptop\.m2\repository\com\google\api-client\google-api-client\1.25.0\google-api-client-1.25.0.jar;C:\Users\AsusLaptop\.m2\repository\com\google\oauth-client\google-oauth-client\1.25.0\google-oauth-client-1.25.0.jar;C:\Users\AsusLaptop\.m2\repository\com\google\http-client\google-http-client-jackson2\1.25.0\google-http-client-jackson2-1.25.0.jar;C:\Users\AsusLaptop\.m2\repository\com\google\guava\guava\20.0\guava-20.0.jar;C:\Users\AsusLaptop\.m2\repository\com\google\cloud\google-cloud-translate\1.63.0\google-cloud-translate-1.63.0.jar;C:\Users\AsusLaptop\.m2\repository\com\google\cloud\google-cloud-core\1.63.0\google-cloud-core-1.63.0.jar;C:\Users\AsusLaptop\.m2\repository\com\google\http-client\google-http-client\1.28.0\google-http-client-1.28.0.jar;C:\Users\AsusLaptop\.m2\repository\com\google\j2objc\j2objc-annotations\1.1\j2objc-annotations-1.1.jar;C:\Users\AsusLaptop\.m2\repository\com\google\code\findbugs\jsr305\3.0.2\jsr305-3.0.2.jar;C:\Users\AsusLaptop\.m2\repository\com\google\api\api-common\1.7.0\api-common-1.7.0.jar;C:\Users\AsusLaptop\.m2\repository\com\google\api\gax\1.40.0\gax-1.40.0.jar;C:\Users\AsusLaptop\.m2\repository\org\threeten\threetenbp\1.3.3\threetenbp-1.3.3.jar;C:\Users\AsusLaptop\.m2\repository\com\google\protobuf\protobuf-java-util\3.6.1\protobuf-java-util-3.6.1.jar;C:\Users\AsusLaptop\.m2\repository\com\google\protobuf\protobuf-java\3.6.1\protobuf-java-3.6.1.jar;C:\Users\AsusLaptop\.m2\repository\com\google\code\gson\gson\2.7\gson-2.7.jar;C:\Users\AsusLaptop\.m2\repository\com\google\api\grpc\proto-google-common-protos\1.14.0\proto-google-common-protos-1.14.0.jar;C:\Users\AsusLaptop\.m2\repository\com\google\api\grpc\proto-google-iam-v1\0.12.0\proto-google-iam-v1-0.12.0.jar;C:\Users\AsusLaptop\.m2\repository\com\google\cloud\google-cloud-core-http\1.63.0\google-cloud-core-http-1.63.0.jar;C:\Users\AsusLaptop\.m2\repository\com\google\auth\google-auth-library-credentials\0.13.0\google-auth-library-credentials-0.13.0.jar;C:\Users\AsusLaptop\.m2\repository\com\google\auth\google-auth-library-oauth2-http\0.13.0\google-auth-library-oauth2-http-0.13.0.jar;C:\Users\AsusLaptop\.m2\repository\com\google\http-client\google-http-client-appengine\1.28.0\google-http-client-appengine-1.28.0.jar;C:\Users\AsusLaptop\.m2\repository\com\google\api\gax-httpjson\0.57.0\gax-httpjson-0.57.0.jar;C:\Users\AsusLaptop\.m2\repository\io\opencensus\opencensus-api\0.18.0\opencensus-api-0.18.0.jar;C:\Users\AsusLaptop\.m2\repository\io\grpc\grpc-context\1.14.0\grpc-context-1.14.0.jar;C:\Users\AsusLaptop\.m2\repository\io\opencensus\opencensus-contrib-http-util\0.18.0\opencensus-contrib-http-util-0.18.0.jar;C:\Users\AsusLaptop\.m2\repository\javax\annotation\javax.annotation-api\1.2\javax.annotation-api-1.2.jar;C:\Users\AsusLaptop\.m2\repository\junit\junit\4.12\junit-4.12.jar;C:\Users\AsusLaptop\.m2\repository\org\hamcrest\hamcrest-core\1.3\hamcrest-core-1.3.jar;C:\Users\AsusLaptop\.m2\repository\net\sourceforge\jwebunit\jwebunit-htmlunit-plugin\3.3\jwebunit-htmlunit-plugin-3.3.jar;C:\Users\AsusLaptop\.m2\repository\net\sourceforge\htmlunit\htmlunit\2.18\htmlunit-2.18.jar;C:\Users\AsusLaptop\.m2\repository\xalan\xalan\2.7.2\xalan-2.7.2.jar;C:\Users\AsusLaptop\.m2\repository\xalan\serializer\2.7.2\serializer-2.7.2.jar;C:\Users\AsusLaptop\.m2\repository\commons-collections\commons-collections\3.2.1\commons-collections-3.2.1.jar;C:\Users\AsusLaptop\.m2\repository\org\apache\commons\commons-lang3\3.4\commons-lang3-3.4.jar;C:\Users\AsusLaptop\.m2\repository\org\apache\httpcomponents\httpmime\4.5\httpmime-4.5.jar;C:\Users\AsusLaptop\.m2\repository\commons-codec\commons-codec\1.10\commons-codec-1.10.jar;C:\Users\AsusLaptop\.m2\repository\net\sourceforge\htmlunit\htmlunit-core-js\2.17\htmlunit-core-js-2.17.jar;C:\Users\AsusLaptop\.m2\repository\xerces\xercesImpl\2.11.0\xercesImpl-2.11.0.jar;C:\Users\AsusLaptop\.m2\repository\xml-apis\xml-apis\1.4.01\xml-apis-1.4.01.jar;C:\Users\AsusLaptop\.m2\repository\net\sourceforge\nekohtml\nekohtml\1.9.22\nekohtml-1.9.22.jar;C:\Users\AsusLaptop\.m2\repository\net\sourceforge\cssparser\cssparser\0.9.16\cssparser-0.9.16.jar;C:\Users\AsusLaptop\.m2\repository\org\w3c\css\sac\1.3\sac-1.3.jar;C:\Users\AsusLaptop\.m2\repository\commons-io\commons-io\2.4\commons-io-2.4.jar;C:\Users\AsusLaptop\.m2\repository\org\eclipse\jetty\websocket\websocket-client\9.2.12.v20150709\websocket-client-9.2.12.v20150709.jar;C:\Users\AsusLaptop\.m2\repository\org\eclipse\jetty\jetty-util\9.2.12.v20150709\jetty-util-9.2.12.v20150709.jar;C:\Users\AsusLaptop\.m2\repository\org\eclipse\jetty\jetty-io\9.2.12.v20150709\jetty-io-9.2.12.v20150709.jar;C:\Users\AsusLaptop\.m2\repository\org\eclipse\jetty\websocket\websocket-common\9.2.12.v20150709\websocket-common-9.2.12.v20150709.jar;C:\Users\AsusLaptop\.m2\repository\org\eclipse\jetty\websocket\websocket-api\9.2.12.v20150709\websocket-api-9.2.12.v20150709.jar;C:\Users\AsusLaptop\.m2\repository\net\sourceforge\jwebunit\jwebunit-core\3.3\jwebunit-core-3.3.jar;C:\Users\AsusLaptop\.m2\repository\regexp\regexp\1.3\regexp-1.3.jar;C:\Users\AsusLaptop\.m2\repository\commons-lang\commons-lang\2.6\commons-lang-2.6.jar;C:\Users\AsusLaptop\.m2\repository\org\slf4j\slf4j-api\1.6.6\slf4j-api-1.6.6.jar;C:\Users\AsusLaptop\.m2\repository\org\slf4j\jcl-over-slf4j\1.6.6\jcl-over-slf4j-1.6.6.jar;C:\Users\AsusLaptop\.m2\repository\javax\servlet\servlet-api\2.5\servlet-api-2.5.jar;C:\Users\AsusLaptop\.m2\repository\com\googlecode\json-simple\json-simple\1.1.1\json-simple-1.1.1.jar;C:\Users\AsusLaptop\.m2\repository\javax\servlet\jstl\1.2\jstl-1.2.jar;"/>
    <property name="sun.cpu.endian" value="little"/>
    <property name="user.home" value="C:\Users\AsusLaptop"/>
    <property name="user.language" value="en"/>
    <property name="java.specification.vendor" value="Oracle Corporation"/>
    <property name="java.home" value="C:\Program Files\Java\jdk1.8.0_202\jre"/>
    <property name="basedir" value="C:\Users\AsusLaptop\Desktop\MetaTranslator"/>
    <property name="file.separator" value="\"/>
    <property name="line.separator" value="&#10;"/>
    <property name="java.vm.specification.vendor" value="Oracle Corporation"/>
    <property name="java.specification.name" value="Java Platform API Specification"/>
    <property name="java.awt.graphicsenv" value="sun.awt.Win32GraphicsEnvironment"/>
    <property name="surefire.real.class.path" value="C:\Users\ASUSLA~1\AppData\Local\Temp\surefire6073264019632913202\surefirebooter1046958598321630660.jar"/>
    <property name="sun.boot.class.path" value="C:\Program Files\Java\jdk1.8.0_202\jre\lib\resources.jar;C:\Program Files\Java\jdk1.8.0_202\jre\lib\rt.jar;C:\Program Files\Java\jdk1.8.0_202\jre\lib\sunrsasign.jar;C:\Program Files\Java\jdk1.8.0_202\jre\lib\jsse.jar;C:\Program Files\Java\jdk1.8.0_202\jre\lib\jce.jar;C:\Program Files\Java\jdk1.8.0_202\jre\lib\charsets.jar;C:\Program Files\Java\jdk1.8.0_202\jre\lib\jfr.jar;C:\Program Files\Java\jdk1.8.0_202\jre\classes"/>
    <property name="user.script" value=""/>
    <property name="sun.management.compiler" value="HotSpot 64-Bit Tiered Compilers"/>
    <property name="java.runtime.version" value="1.8.0_202-b08"/>
    <property name="user.name" value="AsusLaptop"/>
    <property name="path.separator" value=";"/>
    <property name="os.version" value="10.0"/>
    <property name="java.endorsed.dirs" value="C:\Program Files\Java\jdk1.8.0_202\jre\lib\endorsed"/>
    <property name="java.runtime.name" value="Java(TM) SE Runtime Environment"/>
    <property name="file.encoding" value="Cp1252"/>
    <property name="java.vm.name" value="Java HotSpot(TM) 64-Bit Server VM"/>
    <property name="localRepository" value="C:\Users\AsusLaptop\.m2\repository"/>
    <property name="java.vendor.url.bug" value="http://bugreport.sun.com/bugreport/"/>
    <property name="java.io.tmpdir" value="C:\Users\ASUSLA~1\AppData\Local\Temp\"/>
    <property name="java.version" value="1.8.0_202"/>
    <property name="user.dir" value="C:\Users\AsusLaptop\Desktop\MetaTranslator"/>
    <property name="os.arch" value="amd64"/>
    <property name="java.vm.specification.name" value="Java Virtual Machine Specification"/>
    <property name="java.awt.printerjob" value="sun.awt.windows.WPrinterJob"/>
    <property name="sun.os.patch.level" value=""/>
    <property name="java.library.path" value="C:\Program Files\Java\jdk1.8.0_202\jre\bin;C:\WINDOWS\Sun\Java\bin;C:\WINDOWS\system32;C:\WINDOWS;C:\Program Files (x86)\Common Files\Oracle\Java\javapath;C:\Program Files (x86)\Intel\iCLS Client\;C:\Program Files\Intel\iCLS Client\;C:\WINDOWS\system32;C:\WINDOWS;C:\WINDOWS\System32\Wbem;C:\WINDOWS\System32\WindowsPowerShell\v1.0\;C:\Program Files (x86)\Intel\Intel(R) Management Engine Components\DAL;C:\Program Files\Intel\Intel(R) Management Engine Components\DAL;C:\Program Files (x86)\Intel\Intel(R) Management Engine Components\IPT;C:\Program Files\Intel\Intel(R) Management Engine Components\IPT;C:\WINDOWS\System32\OpenSSH\;C:\Program Files\Microsoft VS Code\bin;C:\Program Files\Intel\WiFi\bin\;C:\Program Files\Common Files\Intel\WirelessCommon\;C:\Program Files\Git\cmd;C:\Program Files\PostgreSQL\11\bin;C:\Program Files\PostgreSQL\11\lib;C:\Program Files\Java\jdk1.8.0_202;C:\Program Files\Java\jdk1.8.0_202\bin;C:\Program Files\Java\jdk1.8.0_202\jre;C:\Users\AsusLaptop\Downloads\apache-maven-3.6.0-bin(1)\apache-maven-3.6.0\bin;C:\Users\AsusLaptop\AppData\Local\Microsoft\WindowsApps;;."/>
    <property name="java.vm.info" value="mixed mode"/>
    <property name="java.vendor" value="Oracle Corporation"/>
    <property name="java.vm.version" value="25.202-b08"/>
    <property name="java.ext.dirs" value="C:\Program Files\Java\jdk1.8.0_202\jre\lib\ext;C:\WINDOWS\Sun\Java\lib\ext"/>
    <property name="sun.io.unicode.encoding" value="UnicodeLittle"/>
    <property name="java.class.version" value="52.0"/>
  </properties>
  <testcase name="testIndexPage" classname="uk.uoa.cs.princSwEng.test.JWebUnitTest" time="4.535"/>
  <testcase name="foo" classname="uk.uoa.cs.princSwEng.test.JWebUnitTest" time="0"/>
</testsuite>